[orch] batch/20260417T181441: starting batch planning
[orch] batch/20260417T181441: created orch branch (orchBranch=orch/serlismaldon-20260417T181441 baseBranch=main)
[orch] state/20260417T181441: persisted: batch-start (phase=executing waveIndex=-1)
[orch] batch/20260417T181441: Runtime V2 backend selected
[orch] state/20260417T181441: persisted: wave-index-change (phase=executing waveIndex=0)
[orch] wave/W1: starting wave execution (tasks=1 policy=skip-dependents batchId=20260417T181441)
[orch] state/20260417T181441: persisted: segment-start (phase=executing waveIndex=0)
[orch] wave/W1: lanes allocated (laneCount=1 totalTasks=1)
[orch] wave/W1: using Runtime V2 backend (executeLaneV2)
[orch] lane-1/LANE: starting Runtime V2 execution of 1 task(s) (worktree=/Users/serlismaldonado/Documents/Software/landing-page-serlis-maldonado/.worktrees/serlismaldon-20260417T181441/lane-1 agentPrefix=orch-serlismaldon)
[orch] monitor/ALL: starting monitoring for 1 lane(s), 1 task(s) (pollIntervalMs=5000 stallTimeoutMin=60)
[orch] lane-1/FEAT-001: committed task artifacts to lane branch (commit=[task/serlismaldon-lane-1-20260417T181441 e7f1d9a] checkpoint: FEAT-001 task artifacts (.DONE, STATUS.md))
[orch] state/20260417T181441: persisted: task-transition (phase=executing waveIndex=0)
[orch] monitor/ALL: poll #1: 1/1 done, 0 failed, 0 active lane(s)
[orch] monitor/ALL: all lanes terminal — monitoring complete (done=1 failed=0 total=1 polls=1)
[orch] wave/W1: wave execution complete: succeeded (succeeded=1 failed=0 skipped=0 blocked=0 elapsed=0s stoppedEarly=false)
[orch] state/20260417T181441: persisted: wave-execution-complete (phase=executing waveIndex=0)
[orch] state/20260417T181441: persisted: merge-start (phase=merging waveIndex=0)
[orch] merge-health/monitor: merge health monitor started (sessionCount=0 pollIntervalMs=120000)
[orch] merge/W1: merging across 1 repo group(s) (repos=(default) totalLanes=1)
[orch] merge/W1: merging 1 lane(s) (order=fewest-files-first lanes=1 skippedArtifactLanes=undefined)
[orch] merge/W1: merge worktree created (worktree=/Users/serlismaldonado/Documents/Software/landing-page-serlis-maldonado/.worktrees/serlismaldon-20260417T181441/merge tempBranch=_merge-temp-serlismaldon-20260417T181441)
[orch] merge/orch-serlismaldon-merge-1: starting merge for lane 1 (sourceBranch=task/serlismaldon-lane-1-20260417T181441 targetBranch=orch/serlismaldon-20260417T181441 baseHEAD=f8c32412 laneHEAD=e7f1d9a7)
[orch] merge/orch-serlismaldon-merge-1: spawning merge agent via Runtime V2 (direct agent-host) (mergeWorkDir=/Users/serlismaldonado/Documents/Software/landing-page-serlis-maldonado/.worktrees/serlismaldon-20260417T181441/merge mergeRequestPath=/Users/serlismaldonado/Documents/Software/landing-page-serlis-maldonado/.pi/merge-request-w1-lane1-serlismaldon-20260417T181441.txt)
[orch] merge/orch-serlismaldon-merge-1: waiting for merge result (resultPath=/Users/serlismaldonado/Documents/Software/landing-page-serlis-maldonado/.pi/merge-result-w1-lane1-serlismaldon-20260417T181441.json timeoutMs=5400000 backend=v2)
[orch] merge/orch-serlismaldon-merge-1: merge result received (status=SUCCESS elapsed=58242)
[orch] merge/orch-serlismaldon-merge-1: merge succeeded (mergeCommit=e7f1d9a7 duration=58s)
[orch] merge/W1: transaction record persisted (file=txn-b20260417T181441-repo-default-wave-1-lane-1.json status=committed)
[orch] merge/W1: no task artifacts to stage (0 of 3 candidates present/changed, 2 preserved from lane merge)
[orch] merge/W1: fast-forwarded orch/serlismaldon-20260417T181441 to merge result
[orch] merge/orch-serlismaldon-merge-1: merge agent exited (V2) (exitCode=143 durationMs=58336 costUsd=0.011621639999999999 killed=true)
[orch] merge/W1: wave merge complete: succeeded (mergedLanes=1 failedLane=0 duration=59s)
[orch] merge-health/monitor: merge health monitor stopped (sessionCount=0)
[orch] state/20260417T181441: persisted: merge-complete (phase=merging waveIndex=0)
[orch] state/20260417T181441: persisted: merge-complete (phase=executing waveIndex=0)
[orch] batch/history: saved batch summary (1 entries)
[orch] batch/20260417T181441: cleaned up 1 sidecar file(s)
[orch] batch/20260417T181441: cleaning up worktrees
[orch] batch/20260417T181441: worktree cleanup: 1 removed, 0 preserved (repoId=(default))
[orch] batch/20260417T181441: warning: branch task/serlismaldon-lane-1-20260417T181441 not fully merged into orch/serlismaldon-20260417T181441 — retained (repoId=(default))
[orch] state/20260417T181441: persisted: batch-terminal (phase=completed waveIndex=0)
[orch] diagnostics/20260417T181441: emitted diagnostic reports (jsonl=/Users/serlismaldonado/Documents/Software/landing-page-serlis-maldonado/.pi/diagnostics/serlismaldon-20260417T181441-events.jsonl report=/Users/serlismaldonado/Documents/Software/landing-page-serlis-maldonado/.pi/diagnostics/serlismaldon-20260417T181441-report.md taskCount=1)
[orch] state/20260417T181441: state file preserved for /orch-integrate (orchBranch=orch/serlismaldon-20260417T181441)
